Virtual User Script started at : 2019-11-20 18:05:35
TruClient Replay (build 1053) for LoadRunner 12.60.0, build 0971. OS: Windows 10, Browser: Chromium 63.0.3239.132, initialized on 2019/11/20 at 18:05:33 (1574262333.013s)

Running Vuser...
Starting iteration 1.
t=00003728ms: Step 1: Navigate to "https://procurepartestc...site#Shell-home" started    [MsgId: MMSG-205180]
t=00005415ms: Step 1: Navigate to https://procurepartestc1.../site#Shell-home successfully completed with End Event "Document Loaded"    [MsgId: MMSG-205180]
t=00005419ms: Step 2: Log On started    [MsgId: MMSG-205180]
t=00005922ms: Step 2.1: Type yauhen.hedrevich@sap.com in Welcome to Procurement... textbox started    [MsgId: MMSG-205180]
t=00015666ms: Step 2.1: Type yauhen.hedrevich@sap.com in Welcome to Procurement... textbox successfully completed with End Event "Action completed"    [MsgId: MMSG-205180]
t=00016168ms: Step 2.3: Type ************** in Password passwordbox started    [MsgId: MMSG-205180]
t=00021517ms: Step 2.3: Type ************** in Password passwordbox successfully completed with End Event "Action completed"    [MsgId: MMSG-205180]
t=00022019ms: Step 2.4: Press key Enter on Password passwordbox started    [MsgId: MMSG-205180]
t=00029655ms: Step 2.4: Press key Enter on Password passwordbox successfully completed with End Event "Step network completed"    [MsgId: MMSG-205180]
t=00029660ms: Step 2: Log On successfully completed with End Event "Action completed"    [MsgId: MMSG-205180]
t=00030163ms: Step 3: Click on link (1) link started    [MsgId: MMSG-205180]
t=00035966ms: Step 3: Click on link (1) link successfully completed with End Event "Step network completed"    [MsgId: MMSG-205180]
t=00036469ms: Step 5: Click on Invoice Document No. textbox started    [MsgId: MMSG-205180]
t=00036833ms: Step 5: Click on Invoice Document No. textbox successfully completed with End Event "Step network completed"    [MsgId: MMSG-205180]
t=00037337ms: Step 6: Type 5105600147 in Invoice Document No. textbox started    [MsgId: MMSG-205180]
t=00041496ms: Step 6: Type 5105600147 in Invoice Document No. textbox successfully completed with End Event "Action completed"    [MsgId: MMSG-205180]
t=00041999ms: Step 8: Click on Company Code in Connected... gridcell started    [MsgId: MMSG-205180]
t=00042372ms: Step 8: Click on Company Code in Connected... gridcell successfully completed with End Event "Step network completed"    [MsgId: MMSG-205180]
t=00042876ms: Step 9: Click on Go  started    [MsgId: MMSG-205180]
t=00043436ms: Step 9: Click on Go  successfully completed with End Event "Step network completed"    [MsgId: MMSG-205180]
t=00043940ms: Step 11: Click on Invoicing Party / AN... gridcell started    [MsgId: MMSG-205180]
t=00047060ms: Step 11: Click on Invoicing Party / AN... gridcell successfully completed with End Event "Step network completed"    [MsgId: MMSG-205180]
t=00047563ms: Step 13: Click on More button started    [MsgId: MMSG-205180]
t=00047942ms: Step 13: Click on More button successfully completed with End Event "Step network completed"    [MsgId: MMSG-205180]
t=00048445ms: Step 15: Click on Attachments option started    [MsgId: MMSG-205180]
t=00048610ms: Step 15: Click on Attachments option successfully completed with End Event "Step network completed"    [MsgId: MMSG-205180]
Notify: Transaction "Transaction 1" started.
t=00049116ms: Step 17: Click on Last Updated on Apr 11,...  started    [MsgId: MMSG-205180]
t=00051455ms: Step 17: Click on Last Updated on Apr 11,...  successfully completed with End Event "Object Exists"    [MsgId: MMSG-205180]
Notify: Transaction "Transaction 1" ended with a "Pass" status (Duration: 2.3430 Wasted Time: 0.2010).
Ending iteration 1.
Waiting 11.135000 seconds for iteration pacing.
Starting iteration 2.
t=00063533ms: Step 1: Navigate to "https://procurepartestc...site#Shell-home" started    [MsgId: MMSG-205180]
t=00064848ms: Step 1: Navigate to https://procurepartestc1.../site#Shell-home successfully completed with End Event "Document Loaded"    [MsgId: MMSG-205180]
t=00064852ms: Step 2: Log On started    [MsgId: MMSG-205180]
t=00065355ms: Step 2.1: Type yauhen.hedrevich@sap.com in Welcome to Procurement... textbox started    [MsgId: MMSG-205180]
t=00074762ms: Step 2.1: Type yauhen.hedrevich@sap.com in Welcome to Procurement... textbox successfully completed with End Event "Action completed"    [MsgId: MMSG-205180]
t=00075265ms: Step 2.3: Type ************** in Password passwordbox started    [MsgId: MMSG-205180]
t=00080954ms: Step 2.3: Type ************** in Password passwordbox successfully completed with End Event "Action completed"    [MsgId: MMSG-205180]
t=00081457ms: Step 2.4: Press key Enter on Password passwordbox started    [MsgId: MMSG-205180]
t=00089746ms: Step 2.4: Press key Enter on Password passwordbox successfully completed with End Event "Step network completed"    [MsgId: MMSG-205180]
t=00089750ms: Step 2: Log On successfully completed with End Event "Action completed"    [MsgId: MMSG-205180]
t=00090253ms: Step 3: Click on link (1) link started    [MsgId: MMSG-205180]
t=00095761ms: Step 3: Click on link (1) link successfully completed with End Event "Step network completed"    [MsgId: MMSG-205180]
t=00096263ms: Step 5: Click on Invoice Document No. textbox started    [MsgId: MMSG-205180]
t=00097209ms: Step 5: Click on Invoice Document No. textbox successfully completed with End Event "Step network completed"    [MsgId: MMSG-205180]
t=00097710ms: Step 6: Type 5105600147 in Invoice Document No. textbox started    [MsgId: MMSG-205180]
t=00101934ms: Step 6: Type 5105600147 in Invoice Document No. textbox successfully completed with End Event "Action completed"    [MsgId: MMSG-205180]
t=00102438ms: Step 8: Click on Company Code in Connected... gridcell started    [MsgId: MMSG-205180]
t=00102812ms: Step 8: Click on Company Code in Connected... gridcell successfully completed with End Event "Step network completed"    [MsgId: MMSG-205180]
t=00103316ms: Step 9: Click on Go  started    [MsgId: MMSG-205180]
t=00103876ms: Step 9: Click on Go  successfully completed with End Event "Step network completed"    [MsgId: MMSG-205180]
t=00104379ms: Step 11: Click on Invoicing Party / AN... gridcell started    [MsgId: MMSG-205180]
t=00108117ms: Step 11: Click on Invoicing Party / AN... gridcell successfully completed with End Event "Step network completed"    [MsgId: MMSG-205180]
t=00108620ms: Step 13: Click on More button started    [MsgId: MMSG-205180]
t=00108998ms: Step 13: Click on More button successfully completed with End Event "Step network completed"    [MsgId: MMSG-205180]
t=00109500ms: Step 15: Click on Attachments option started    [MsgId: MMSG-205180]
t=00109666ms: Step 15: Click on Attachments option successfully completed with End Event "Step network completed"    [MsgId: MMSG-205180]
Notify: Transaction "Transaction 1" started.
t=00110170ms: Step 17: Click on Last Updated on Apr 11,...  started    [MsgId: MMSG-205180]
t=00112517ms: Step 17: Click on Last Updated on Apr 11,...  successfully completed with End Event "Object Exists"    [MsgId: MMSG-205180]
Notify: Transaction "Transaction 1" ended with a "Pass" status (Duration: 2.3490 Wasted Time: 0.2000).
Ending iteration 2.
Waiting 10.074000 seconds for iteration pacing.
Starting iteration 3.
t=00123532ms: Step 1: Navigate to "https://procurepartestc...site#Shell-home" started    [MsgId: MMSG-205180]
t=00124749ms: Step 1: Navigate to https://procurepartestc1.../site#Shell-home successfully completed with End Event "Document Loaded"    [MsgId: MMSG-205180]
t=00124753ms: Step 2: Log On started    [MsgId: MMSG-205180]
t=00125257ms: Step 2.1: Type yauhen.hedrevich@sap.com in Welcome to Procurement... textbox started    [MsgId: MMSG-205180]
t=00134961ms: Step 2.1: Type yauhen.hedrevich@sap.com in Welcome to Procurement... textbox successfully completed with End Event "Action completed"    [MsgId: MMSG-205180]
t=00135464ms: Step 2.3: Type ************** in Password passwordbox started    [MsgId: MMSG-205180]
t=00140163ms: Step 2.3: Type ************** in Password passwordbox successfully completed with End Event "Action completed"    [MsgId: MMSG-205180]
t=00140665ms: Step 2.4: Press key Enter on Password passwordbox started    [MsgId: MMSG-205180]
t=00148843ms: Step 2.4: Press key Enter on Password passwordbox successfully completed with End Event "Step network completed"    [MsgId: MMSG-205180]
t=00148847ms: Step 2: Log On successfully completed with End Event "Action completed"    [MsgId: MMSG-205180]
t=00149349ms: Step 3: Click on link (1) link started    [MsgId: MMSG-205180]
t=00155310ms: Step 3: Click on link (1) link successfully completed with End Event "Step network completed"    [MsgId: MMSG-205180]
t=00155813ms: Step 5: Click on Invoice Document No. textbox started    [MsgId: MMSG-205180]
t=00156178ms: Step 5: Click on Invoice Document No. textbox successfully completed with End Event "Step network completed"    [MsgId: MMSG-205180]
t=00156680ms: Step 6: Type 5105600147 in Invoice Document No. textbox started    [MsgId: MMSG-205180]
t=00160687ms: Step 6: Type 5105600147 in Invoice Document No. textbox successfully completed with End Event "Action completed"    [MsgId: MMSG-205180]
t=00161190ms: Step 8: Click on Company Code in Connected... gridcell started    [MsgId: MMSG-205180]
t=00161565ms: Step 8: Click on Company Code in Connected... gridcell successfully completed with End Event "Step network completed"    [MsgId: MMSG-205180]
t=00162068ms: Step 9: Click on Go  started    [MsgId: MMSG-205180]
t=00162451ms: Step 9: Click on Go  successfully completed with End Event "Step network completed"    [MsgId: MMSG-205180]
t=00162954ms: Step 11: Click on Invoicing Party / AN... gridcell started    [MsgId: MMSG-205180]
t=00166299ms: Step 11: Click on Invoicing Party / AN... gridcell successfully completed with End Event "Step network completed"    [MsgId: MMSG-205180]
t=00166802ms: Step 13: Click on More button started    [MsgId: MMSG-205180]
t=00167184ms: Step 13: Click on More button successfully completed with End Event "Step network completed"    [MsgId: MMSG-205180]
t=00167687ms: Step 15: Click on Attachments option started    [MsgId: MMSG-205180]
t=00167849ms: Step 15: Click on Attachments option successfully completed with End Event "Step network completed"    [MsgId: MMSG-205180]
Notify: Transaction "Transaction 1" started.
t=00168351ms: Step 17: Click on Last Updated on Apr 11,...  started    [MsgId: MMSG-205180]
t=00170687ms: Step 17: Click on Last Updated on Apr 11,...  successfully completed with End Event "Object Exists"    [MsgId: MMSG-205180]
Notify: Transaction "Transaction 1" ended with a "Pass" status (Duration: 2.3380 Wasted Time: 0.2000).
Ending iteration 3.
Waiting 11.905000 seconds for iteration pacing.
Starting iteration 4.
t=00183540ms: Step 1: Navigate to "https://procurepartestc...site#Shell-home" started    [MsgId: MMSG-205180]
t=00184963ms: Step 1: Navigate to https://procurepartestc1.../site#Shell-home successfully completed with End Event "Document Loaded"    [MsgId: MMSG-205180]
t=00184967ms: Step 2: Log On started    [MsgId: MMSG-205180]
t=00185471ms: Step 2.1: Type yauhen.hedrevich@sap.com in Welcome to Procurement... textbox started    [MsgId: MMSG-205180]
t=00192816ms: Step 2.1: Type yauhen.hedrevich@sap.com in Welcome to Procurement... textbox successfully completed with End Event "Action completed"    [MsgId: MMSG-205180]
t=00193320ms: Step 2.3: Type ************** in Password passwordbox started    [MsgId: MMSG-205180]
t=00198152ms: Step 2.3: Type ************** in Password passwordbox successfully completed with End Event "Action completed"    [MsgId: MMSG-205180]
t=00198656ms: Step 2.4: Press key Enter on Password passwordbox started    [MsgId: MMSG-205180]
t=00206656ms: Step 2.4: Press key Enter on Password passwordbox successfully completed with End Event "Step network completed"    [MsgId: MMSG-205180]
t=00206661ms: Step 2: Log On successfully completed with End Event "Action completed"    [MsgId: MMSG-205180]
t=00207162ms: Step 3: Click on link (1) link started    [MsgId: MMSG-205180]
t=00207980ms: Step 3: Click on link (1) link successfully completed with End Event "Step network completed"    [MsgId: MMSG-205180]
t=00208483ms: Step 5: Click on Invoice Document No. textbox started    [MsgId: MMSG-205180]
t=00214018ms: Step 5: Click on Invoice Document No. textbox successfully completed with End Event "Step network completed"    [MsgId: MMSG-205180]
t=00214521ms: Step 6: Type 5105600147 in Invoice Document No. textbox started    [MsgId: MMSG-205180]
t=00217769ms: Step 6: Type 5105600147 in Invoice Document No. textbox successfully completed with End Event "Action completed"    [MsgId: MMSG-205180]
t=00218271ms: Step 8: Click on Company Code in Connected... gridcell started    [MsgId: MMSG-205180]
t=00218647ms: Step 8: Click on Company Code in Connected... gridcell successfully completed with End Event "Step network completed"    [MsgId: MMSG-205180]
t=00219151ms: Step 9: Click on Go  started    [MsgId: MMSG-205180]
t=00219528ms: Step 9: Click on Go  successfully completed with End Event "Step network completed"    [MsgId: MMSG-205180]
t=00220031ms: Step 11: Click on Invoicing Party / AN... gridcell started    [MsgId: MMSG-205180]
t=00223068ms: Step 11: Click on Invoicing Party / AN... gridcell successfully completed with End Event "Step network completed"    [MsgId: MMSG-205180]
t=00223571ms: Step 13: Click on More button started    [MsgId: MMSG-205180]
t=00223955ms: Step 13: Click on More button successfully completed with End Event "Step network completed"    [MsgId: MMSG-205180]
t=00224458ms: Step 15: Click on Attachments option started    [MsgId: MMSG-205180]
t=00224621ms: Step 15: Click on Attachments option successfully completed with End Event "Step network completed"    [MsgId: MMSG-205180]
Notify: Transaction "Transaction 1" started.
t=00225125ms: Step 17: Click on Last Updated on Apr 11,...  started    [MsgId: MMSG-205180]
t=00227452ms: Step 17: Click on Last Updated on Apr 11,...  successfully completed with End Event "Object Exists"    [MsgId: MMSG-205180]
Notify: Transaction "Transaction 1" ended with a "Pass" status (Duration: 2.3290 Wasted Time: 0.2000).
Ending iteration 4.
Waiting 15.141000 seconds for iteration pacing.
Starting iteration 5.
t=00243533ms: Step 1: Navigate to "https://procurepartestc...site#Shell-home" started    [MsgId: MMSG-205180]
t=00245021ms: Step 1: Navigate to https://procurepartestc1.../site#Shell-home successfully completed with End Event "Document Loaded"    [MsgId: MMSG-205180]
t=00245025ms: Step 2: Log On started    [MsgId: MMSG-205180]
t=00245529ms: Step 2.1: Type yauhen.hedrevich@sap.com in Welcome to Procurement... textbox started    [MsgId: MMSG-205180]
t=00254655ms: Step 2.1: Type yauhen.hedrevich@sap.com in Welcome to Procurement... textbox successfully completed with End Event "Action completed"    [MsgId: MMSG-205180]
t=00255157ms: Step 2.3: Type ************** in Password passwordbox started    [MsgId: MMSG-205180]
t=00260111ms: Step 2.3: Type ************** in Password passwordbox successfully completed with End Event "Action completed"    [MsgId: MMSG-205180]
t=00260614ms: Step 2.4: Press key Enter on Password passwordbox started    [MsgId: MMSG-205180]
t=00274365ms: Step 2.4: Press key Enter on Password passwordbox successfully completed with End Event "Step network completed"    [MsgId: MMSG-205180]
t=00274370ms: Step 2: Log On successfully completed with End Event "Action completed"    [MsgId: MMSG-205180]
t=00274873ms: Step 3: Click on link (1) link started    [MsgId: MMSG-205180]
t=00275978ms: Step 3: Click on link (1) link successfully completed with End Event "Step network completed"    [MsgId: MMSG-205180]
t=00276480ms: Step 5: Click on Invoice Document No. textbox started    [MsgId: MMSG-205180]
t=00288166ms: Step 5: Click on Invoice Document No. textbox successfully completed with End Event "Step network completed"    [MsgId: MMSG-205180]
t=00288670ms: Step 6: Type 5105600147 in Invoice Document No. textbox started    [MsgId: MMSG-205180]
t=00293388ms: Step 6: Type 5105600147 in Invoice Document No. textbox successfully completed with End Event "Action completed"    [MsgId: MMSG-205180]
t=00293891ms: Step 8: Click on Company Code in Connected... gridcell started    [MsgId: MMSG-205180]
t=00294455ms: Step 8: Click on Company Code in Connected... gridcell successfully completed with End Event "Step network completed"    [MsgId: MMSG-205180]
t=00294958ms: Step 9: Click on Go  started    [MsgId: MMSG-205180]
t=00295337ms: Step 9: Click on Go  successfully completed with End Event "Step network completed"    [MsgId: MMSG-205180]
t=00295839ms: Step 11: Click on Invoicing Party / AN... gridcell started    [MsgId: MMSG-205180]
t=00303595ms: Step 11: Click on Invoicing Party / AN... gridcell successfully completed with End Event "Step network completed"    [MsgId: MMSG-205180]
t=00304098ms: Step 13: Click on More button started    [MsgId: MMSG-205180]
t=00304481ms: Step 13: Click on More button successfully completed with End Event "Step network completed"    [MsgId: MMSG-205180]
t=00304983ms: Step 15: Click on Attachments option started    [MsgId: MMSG-205180]
t=00305147ms: Step 15: Click on Attachments option successfully completed with End Event "Step network completed"    [MsgId: MMSG-205180]
Notify: Transaction "Transaction 1" started.
t=00305649ms: Step 17: Click on Last Updated on Apr 11,...  started    [MsgId: MMSG-205180]
t=00308022ms: Step 17: Click on Last Updated on Apr 11,...  successfully completed with End Event "Object Exists"    [MsgId: MMSG-205180]
Notify: Transaction "Transaction 1" ended with a "Pass" status (Duration: 2.3740 Wasted Time: 0.2010).
Ending iteration 5.
Warning: Iteration pacing cannot be reached (pace time = 60.000000, actual time = 65.430000).
Starting iteration 6.
t=00308993ms: Step 1: Navigate to "https://procurepartestc...site#Shell-home" started    [MsgId: MMSG-205180]
t=00310342ms: Step 1: Navigate to https://procurepartestc1.../site#Shell-home successfully completed with End Event "Document Loaded"    [MsgId: MMSG-205180]
t=00310345ms: Step 2: Log On started    [MsgId: MMSG-205180]
t=00310849ms: Step 2.1: Type yauhen.hedrevich@sap.com in Welcome to Procurement... textbox started    [MsgId: MMSG-205180]
t=00319651ms: Step 2.1: Type yauhen.hedrevich@sap.com in Welcome to Procurement... textbox successfully completed with End Event "Action completed"    [MsgId: MMSG-205180]
t=00320154ms: Step 2.3: Type ************** in Password passwordbox started    [MsgId: MMSG-205180]
t=00325198ms: Step 2.3: Type ************** in Password passwordbox successfully completed with End Event "Action completed"    [MsgId: MMSG-205180]
t=00325701ms: Step 2.4: Press key Enter on Password passwordbox started    [MsgId: MMSG-205180]
t=00333476ms: Step 2.4: Press key Enter on Password passwordbox successfully completed with End Event "Step network completed"    [MsgId: MMSG-205180]
t=00333480ms: Step 2: Log On successfully completed with End Event "Action completed"    [MsgId: MMSG-205180]
t=00333983ms: Step 3: Click on link (1) link started    [MsgId: MMSG-205180]
t=00334392ms: Step 3: Click on link (1) link successfully completed with End Event "Step network completed"    [MsgId: MMSG-205180]
t=00334896ms: Step 5: Click on Invoice Document No. textbox started    [MsgId: MMSG-205180]
t=00339600ms: Step 5: Click on Invoice Document No. textbox successfully completed with End Event "Step network completed"    [MsgId: MMSG-205180]
t=00340102ms: Step 6: Type 5105600147 in Invoice Document No. textbox started    [MsgId: MMSG-205180]
t=00343377ms: Step 6: Type 5105600147 in Invoice Document No. textbox successfully completed with End Event "Action completed"    [MsgId: MMSG-205180]
t=00343879ms: Step 8: Click on Company Code in Connected... gridcell started    [MsgId: MMSG-205180]
t=00344248ms: Step 8: Click on Company Code in Connected... gridcell successfully completed with End Event "Step network completed"    [MsgId: MMSG-205180]
t=00344750ms: Step 9: Click on Go  started    [MsgId: MMSG-205180]
t=00345279ms: Step 9: Click on Go  successfully completed with End Event "Step network completed"    [MsgId: MMSG-205180]
t=00345782ms: Step 11: Click on Invoicing Party / AN... gridcell started    [MsgId: MMSG-205180]
t=00350462ms: Step 11: Click on Invoicing Party / AN... gridcell successfully completed with End Event "Step network completed"    [MsgId: MMSG-205180]
t=00350967ms: Step 13: Click on More button started    [MsgId: MMSG-205180]
t=00351345ms: Step 13: Click on More button successfully completed with End Event "Step network completed"    [MsgId: MMSG-205180]
t=00351848ms: Step 15: Click on Attachments option started    [MsgId: MMSG-205180]
t=00352011ms: Step 15: Click on Attachments option successfully completed with End Event "Step network completed"    [MsgId: MMSG-205180]
Notify: Transaction "Transaction 1" started.
t=00352515ms: Step 17: Click on Last Updated on Apr 11,...  started    [MsgId: MMSG-205180]
t=00354848ms: Step 17: Click on Last Updated on Apr 11,...  successfully completed with End Event "Object Exists"    [MsgId: MMSG-205180]
Notify: Transaction "Transaction 1" ended with a "Pass" status (Duration: 2.3360 Wasted Time: 0.2010).
Ending iteration 6.
Waiting 13.176000 seconds for iteration pacing.
Starting iteration 7.
t=00368993ms: Step 1: Navigate to "https://procurepartestc...site#Shell-home" started    [MsgId: MMSG-205180]
t=00370311ms: Step 1: Navigate to https://procurepartestc1.../site#Shell-home successfully completed with End Event "Document Loaded"    [MsgId: MMSG-205180]
t=00370315ms: Step 2: Log On started    [MsgId: MMSG-205180]
t=00370817ms: Step 2.1: Type yauhen.hedrevich@sap.com in Welcome to Procurement... textbox started    [MsgId: MMSG-205180]
t=00379489ms: Step 2.1: Type yauhen.hedrevich@sap.com in Welcome to Procurement... textbox successfully completed with End Event "Action completed"    [MsgId: MMSG-205180]
t=00379992ms: Step 2.3: Type ************** in Password passwordbox started    [MsgId: MMSG-205180]
t=00384094ms: Step 2.3: Type ************** in Password passwordbox successfully completed with End Event "Action completed"    [MsgId: MMSG-205180]
t=00384597ms: Step 2.4: Press key Enter on Password passwordbox started    [MsgId: MMSG-205180]
t=00392130ms: Step 2.4: Press key Enter on Password passwordbox successfully completed with End Event "Step network completed"    [MsgId: MMSG-205180]
t=00392134ms: Step 2: Log On successfully completed with End Event "Action completed"    [MsgId: MMSG-205180]
t=00392637ms: Step 3: Click on link (1) link started    [MsgId: MMSG-205180]
t=00397454ms: Step 3: Click on link (1) link successfully completed with End Event "Step network completed"    [MsgId: MMSG-205180]
t=00397956ms: Step 5: Click on Invoice Document No. textbox started    [MsgId: MMSG-205180]
t=00398925ms: Step 5: Click on Invoice Document No. textbox successfully completed with End Event "Step network completed"    [MsgId: MMSG-205180]
t=00399429ms: Step 6: Type 5105600147 in Invoice Document No. textbox started    [MsgId: MMSG-205180]
t=00403136ms: Step 6: Type 5105600147 in Invoice Document No. textbox successfully completed with End Event "Action completed"    [MsgId: MMSG-205180]
t=00403639ms: Step 8: Click on Company Code in Connected... gridcell started    [MsgId: MMSG-205180]
t=00404012ms: Step 8: Click on Company Code in Connected... gridcell successfully completed with End Event "Step network completed"    [MsgId: MMSG-205180]
t=00404515ms: Step 9: Click on Go  started    [MsgId: MMSG-205180]
t=00405059ms: Step 9: Click on Go  successfully completed with End Event "Step network completed"    [MsgId: MMSG-205180]
t=00405563ms: Step 11: Click on Invoicing Party / AN... gridcell started    [MsgId: MMSG-205180]
t=00408615ms: Step 11: Click on Invoicing Party / AN... gridcell successfully completed with End Event "Step network completed"    [MsgId: MMSG-205180]
t=00409118ms: Step 13: Click on More button started    [MsgId: MMSG-205180]
t=00409509ms: Step 13: Click on More button successfully completed with End Event "Step network completed"    [MsgId: MMSG-205180]
t=00410011ms: Step 15: Click on Attachments option started    [MsgId: MMSG-205180]
t=00410177ms: Step 15: Click on Attachments option successfully completed with End Event "Step network completed"    [MsgId: MMSG-205180]
Notify: Transaction "Transaction 1" started.
t=00410681ms: Step 17: Click on Last Updated on Apr 11,...  started    [MsgId: MMSG-205180]
t=00413018ms: Step 17: Click on Last Updated on Apr 11,...  successfully completed with End Event "Object Exists"    [MsgId: MMSG-205180]
Notify: Transaction "Transaction 1" ended with a "Pass" status (Duration: 2.3390 Wasted Time: 0.2010).
Ending iteration 7.
Ending Vuser...
Vuser Terminated.
