Virtual User Script started at : 2019-11-20 19:23:50
TruClient Replay (build 1053) for LoadRunner 12.60.0, build 0971. OS: Windows 10, Browser: Chromium 63.0.3239.132, initialized on 2019/11/20 at 19:23:48 (1574267028.365s)

Running Vuser...
Starting iteration 1.
t=00004008ms: Step 1: Navigate to "https://procurepartestc...site#Shell-home" started    [MsgId: MMSG-205180]
t=00007687ms: Step 1: Navigate to https://procurepartestc1.../site#Shell-home successfully completed with End Event "Step synchronous network completed"    [MsgId: MMSG-205180]
t=00007691ms: Step 2: Log On started    [MsgId: MMSG-205180]
t=00008195ms: Step 2.1: Type yauhen.hedrevich@sap.com in Welcome to Procurement... textbox started    [MsgId: MMSG-205180]
t=00016484ms: Step 2.1: Type yauhen.hedrevich@sap.com in Welcome to Procurement... textbox successfully completed with End Event "Action completed"    [MsgId: MMSG-205180]
t=00016991ms: Step 2.3: Type ************** in Password passwordbox started    [MsgId: MMSG-205180]
t=00022733ms: Step 2.3: Type ************** in Password passwordbox successfully completed with End Event "Action completed"    [MsgId: MMSG-205180]
t=00023241ms: Step 2.4: Press key Enter on Password passwordbox started    [MsgId: MMSG-205180]
t=00031407ms: Step 2.4: Press key Enter on Password passwordbox successfully completed with End Event "Step network completed"    [MsgId: MMSG-205180]
t=00031412ms: Step 2: Log On successfully completed with End Event "Action completed"    [MsgId: MMSG-205180]
t=00031915ms: Step 4: Click on link (1) link started    [MsgId: MMSG-205180]
t=00037073ms: Step 4: Click on link (1) link successfully completed with End Event "Step network completed"    [MsgId: MMSG-205180]
t=00037576ms: Step 6: Click on Invoice Document No. textbox started    [MsgId: MMSG-205180]
t=00037939ms: Step 6: Click on Invoice Document No. textbox successfully completed with End Event "Step network completed"    [MsgId: MMSG-205180]
t=00038443ms: Step 7: Type 5105600147 in Invoice Document No. textbox started    [MsgId: MMSG-205180]
t=00043035ms: Step 7: Type 5105600147 in Invoice Document No. textbox successfully completed with End Event "Action completed"    [MsgId: MMSG-205180]
t=00043539ms: Step 9: Click on Company Code in Connected... gridcell started    [MsgId: MMSG-205180]
t=00043913ms: Step 9: Click on Company Code in Connected... gridcell successfully completed with End Event "Step network completed"    [MsgId: MMSG-205180]
t=00044418ms: Step 11: Click on Invoice Document No.Fiscal...  started    [MsgId: MMSG-205180]
t=00044786ms: Step 11: Click on Invoice Document No.Fiscal...  successfully completed with End Event "Step network completed"    [MsgId: MMSG-205180]
t=00045291ms: Step 12: Click on Go  started    [MsgId: MMSG-205180]
t=00045913ms: Step 12: Click on Go  successfully completed with End Event "Step network completed"    [MsgId: MMSG-205180]
t=00046419ms: Step 14: Click on Company Code / 0001 gridcell started    [MsgId: MMSG-205180]
t=00050062ms: Step 14: Click on Company Code / 0001 gridcell successfully completed with End Event "Step network completed"    [MsgId: MMSG-205180]
t=00050565ms: Step 16: Click on Attachments  started    [MsgId: MMSG-205180]
t=00050976ms: Step 16: Click on Attachments  successfully completed with End Event "Step network completed"    [MsgId: MMSG-205180]
Notify: Transaction "Transaction 1" started.
t=00051480ms: Step 18: Click on test.pdf  started    [MsgId: MMSG-205180]
t=00054102ms: Step 18: Click on test.pdf  successfully completed with End Event "Object Exists"    [MsgId: MMSG-205180]
Notify: Transaction "Transaction 1" ended with a "Pass" status (Duration: 2.6240 Wasted Time: 0.4020).
Notify: Transaction "Transaction 2" started.
t=00054604ms: Step 20: Click on Last Updated on Apr 11,...  started    [MsgId: MMSG-205180]
t=00054897ms: Step 20: Click on Last Updated on Apr 11,...  successfully completed with End Event "Object Exists"    [MsgId: MMSG-205180]
Notify: Transaction "Transaction 2" ended with a "Pass" status (Duration: 0.2940 Wasted Time: 0.2010).
Notify: Transaction "Transaction 3" started.
t=00055407ms: Step 21: Click on Last Updated on Apr 11,...  started    [MsgId: MMSG-205180]
t=00056808ms: Step 21: Click on Last Updated on Apr 11,...  successfully completed with End Event "Object Exists"    [MsgId: MMSG-205180]
Notify: Transaction "Transaction 3" ended with a "Pass" status (Duration: 1.4070 Wasted Time: 0.2010).
Ending iteration 1.
Ending Vuser...
Vuser Terminated.
